0 info it worked if it ends with ok
1 verbose cli [ 'C:\\Program Files\\nodejs\\node.exe',
1 verbose cli   'C:\\Program Files\\nodejs\\node_modules\\npm\\bin\\npm-cli.js',
1 verbose cli   'run',
1 verbose cli   'start-server' ]
2 info using npm@4.1.2
3 info using node@v7.7.0
4 verbose run-script [ 'prestart-server', 'start-server', 'poststart-server' ]
5 info lifecycle application-name@0.0.1~prestart-server: application-name@0.0.1
6 silly lifecycle application-name@0.0.1~prestart-server: no script for prestart-server, continuing
7 info lifecycle application-name@0.0.1~start-server: application-name@0.0.1
8 verbose lifecycle application-name@0.0.1~start-server: unsafe-perm in lifecycle true
9 verbose lifecycle application-name@0.0.1~start-server: PATH: C:\Program Files\nodejs\node_modules\npm\bin\node-gyp-bin;C:\Users\Vu Tien Dai\WebstormProjects\O_an_quan\node_modules\.bin;C:\ProgramData\Oracle\Java\javapath;C:\Program Files (x86)\Intel\iCLS Client\;C:\Program Files\Intel\iCLS Client\;C:\WINDOWS\system32;C:\WINDOWS;C:\WINDOWS\System32\Wbem;C:\WINDOWS\System32\WindowsPowerShell\v1.0\;C:\Program Files (x86)\Intel\Intel(R) Management Engine Components\DAL;C:\Program Files\Intel\Intel(R) Management Engine Components\DAL;C:\Program Files (x86)\Intel\Intel(R) Management Engine Components\IPT;C:\Program Files\Intel\Intel(R) Management Engine Components\IPT;C:\Program Files\Java\jdk1.8.0_102\bin;E:\New Folder\runtime\win64;E:\New Folder\bin;E:\Matlap2016d\runtime\win64;E:\Matlap2016d\bin;E:\Matlap2016d\polyspace\bin;C:\Program Files\MATLAB\R2016a\runtime\win64;C:\Program Files\MATLAB\R2016a\bin;C:\Program Files\MATLAB\R2016a\polyspace\bin;C:\Program Files\Microsoft SQL Server\130\Tools\Binn\;C:\Program Files (x86)\Windows Kits\10\Windows Performance Toolkit\;C:\Program Files (x86)\GtkSharp\2.12\bin;C:\Program Files\nodejs\;C:\Program Files\Git\cmd;C:\Users\Vu Tien Dai\AppData\Local\Microsoft\WindowsApps;C:\Users\Vu Tien Dai\AppData\Roaming\npm
10 verbose lifecycle application-name@0.0.1~start-server: CWD: C:\Users\Vu Tien Dai\WebstormProjects\O_an_quan
11 silly lifecycle application-name@0.0.1~start-server: Args: [ '/d /s /c', 'node Server/Main.js' ]
12 silly lifecycle application-name@0.0.1~start-server: Returned: code: 1  signal: null
13 info lifecycle application-name@0.0.1~start-server: Failed to exec start-server script
14 verbose stack Error: application-name@0.0.1 start-server: `node Server/Main.js`
14 verbose stack Exit status 1
14 verbose stack     at EventEmitter.<anonymous> (C:\Program Files\nodejs\node_modules\npm\lib\utils\lifecycle.js:279:16)
14 verbose stack     at emitTwo (events.js:106:13)
14 verbose stack     at EventEmitter.emit (events.js:194:7)
14 verbose stack     at ChildProcess.<anonymous> (C:\Program Files\nodejs\node_modules\npm\lib\utils\spawn.js:40:14)
14 verbose stack     at emitTwo (events.js:106:13)
14 verbose stack     at ChildProcess.emit (events.js:194:7)
14 verbose stack     at maybeClose (internal/child_process.js:899:16)
14 verbose stack     at Process.ChildProcess._handle.onexit (internal/child_process.js:226:5)
15 verbose pkgid application-name@0.0.1
16 verbose cwd C:\Users\Vu Tien Dai\WebstormProjects\O_an_quan
17 error Windows_NT 10.0.14393
18 error argv "C:\\Program Files\\nodejs\\node.exe" "C:\\Program Files\\nodejs\\node_modules\\npm\\bin\\npm-cli.js" "run" "start-server"
19 error node v7.7.0
20 error npm  v4.1.2
21 error code ELIFECYCLE
22 error application-name@0.0.1 start-server: `node Server/Main.js`
22 error Exit status 1
23 error Failed at the application-name@0.0.1 start-server script 'node Server/Main.js'.
23 error Make sure you have the latest version of node.js and npm installed.
23 error If you do, this is most likely a problem with the application-name package,
23 error not with npm itself.
23 error Tell the author that this fails on your system:
23 error     node Server/Main.js
23 error You can get information on how to open an issue for this project with:
23 error     npm bugs application-name
23 error Or if that isn't available, you can get their info via:
23 error     npm owner ls application-name
23 error There is likely additional logging output above.
24 verbose exit [ 1, true ]
